2017-02-20 11:27:33,811 - ctrolN1 INFO - Temperaturas TAMB y TUPS OK!...
2017-02-20 11:27:36,812 - ctrolN1 INFO - Temperaturas TAMB y TUPS OK!...
2017-02-20 11:27:39,813 - ctrolN1 INFO - Temperaturas TAMB y TUPS OK!...
2017-02-20 11:27:42,813 - ctrolN1 INFO - Temperaturas TAMB y TUPS OK!...
2017-02-20 11:27:45,814 - ctrolN1 INFO - Temperaturas TAMB y TUPS OK!...
2017-02-20 11:27:48,815 - ctrolN1 INFO - Temperaturas TAMB y TUPS OK!...
2017-02-20 11:27:51,817 - ctrolN1 INFO - Temperaturas TAMB y TUPS OK!...
2017-02-20 11:27:54,819 - ctrolN1 INFO - Temperaturas TAMB y TUPS OK!...
2017-02-20 11:27:57,821 - ctrolN1 INFO - Temperaturas TAMB y TUPS OK!...
2017-02-20 11:28:00,821 - ctrolN1 INFO - Temperaturas TAMB y TUPS OK!...
2017-02-20 11:28:03,823 - ctrolN1 INFO - Temperaturas TAMB y TUPS OK!...
2017-02-20 11:28:06,824 - ctrolN1 INFO - Temperaturas TAMB y TUPS OK!...
2017-02-20 11:28:09,825 - ctrolN1 INFO - Temperaturas TAMB y TUPS OK!...
2017-02-20 11:28:12,826 - ctrolN1 INFO - Temperaturas TAMB y TUPS OK!...
2017-02-20 11:28:15,826 - ctrolN1 INFO - Temperaturas TAMB y TUPS OK!...
2017-02-20 11:28:18,827 - ctrolN1 INFO - Temperaturas TAMB y TUPS OK!...
2017-02-20 11:28:21,827 - ctrolN1 INFO - Temperaturas TAMB y TUPS OK!...
2017-02-20 11:28:24,829 - ctrolN1 INFO - Temperaturas TAMB y TUPS OK!...
2017-02-20 11:28:27,830 - ctrolN1 INFO - Temperaturas TAMB y TUPS OK!...
2017-02-20 11:28:30,831 - ctrolN1 INFO - Temperaturas TAMB y TUPS OK!...
2017-02-20 11:28:33,832 - ctrolN1 INFO - Temperaturas TAMB y TUPS OK!...
2017-02-20 11:28:36,833 - ctrolN1 INFO - Temperaturas TAMB y TUPS OK!...
2017-02-20 11:28:39,834 - ctrolN1 INFO - Temperaturas TAMB y TUPS OK!...
2017-02-20 11:28:42,834 - ctrolN1 CRITICAL - Exceso de temperaturas TAMB y TUPS...
2017-02-20 11:28:45,835 - ctrolN1 INFO - Temperaturas TAMB y TUPS OK!...
2017-02-20 11:28:48,835 - ctrolN1 INFO - Temperaturas TAMB y TUPS OK!...
2017-02-20 11:28:51,836 - ctrolN1 INFO - Temperaturas TAMB y TUPS OK!...
2017-02-20 11:28:54,837 - ctrolN1 INFO - Temperaturas TAMB y TUPS OK!...
2017-02-20 11:28:57,839 - ctrolN1 INFO - Temperaturas TAMB y TUPS OK!...
2017-02-20 11:29:00,840 - ctrolN1 INFO - Temperaturas TAMB y TUPS OK!...
2017-02-20 11:29:03,840 - ctrolN1 INFO - Temperaturas TAMB y TUPS OK!...
2017-02-20 11:29:06,841 - ctrolN1 INFO - Temperaturas TAMB y TUPS OK!...
2017-02-20 11:29:09,841 - ctrolN1 INFO - Temperaturas TAMB y TUPS OK!...
2017-02-20 11:29:12,843 - ctrolN1 INFO - Temperaturas TAMB y TUPS OK!...
2017-02-20 11:29:15,843 - ctrolN1 INFO - Temperaturas TAMB y TUPS OK!...
2017-02-20 11:29:21,846 - ctrolN1 INFO - Temperaturas TAMB y TUPS OK!...
2017-02-20 11:29:24,847 - ctrolN1 INFO - Temperaturas TAMB y TUPS OK!...
2017-02-20 11:29:27,848 - ctrolN1 INFO - Temperaturas TAMB y TUPS OK!...
2017-02-20 11:29:30,850 - ctrolN1 INFO - Temperaturas TAMB y TUPS OK!...
2017-02-20 11:29:33,851 - ctrolN1 INFO - Temperaturas TAMB y TUPS OK!...
2017-02-20 11:29:36,853 - ctrolN1 INFO - Temperaturas TAMB y TUPS OK!...
2017-02-20 11:29:39,855 - ctrolN1 INFO - Temperaturas TAMB y TUPS OK!...
2017-02-20 11:29:42,856 - ctrolN1 INFO - Temperaturas TAMB y TUPS OK!...
2017-02-20 11:29:45,857 - ctrolN1 INFO - Temperaturas TAMB y TUPS OK!...
2017-02-20 11:29:48,859 - ctrolN1 INFO - Temperaturas TAMB y TUPS OK!...
2017-02-20 11:29:51,860 - ctrolN1 INFO - Temperaturas TAMB y TUPS OK!...
2017-02-20 11:29:54,860 - ctrolN1 INFO - Temperaturas TAMB y TUPS OK!...
2017-02-20 11:29:57,861 - ctrolN1 INFO - Temperaturas TAMB y TUPS OK!...
2017-02-20 11:30:00,863 - ctrolN1 INFO - Temperaturas TAMB y TUPS OK!...
2017-02-20 11:30:03,864 - ctrolN1 INFO - Temperaturas TAMB y TUPS OK!...
2017-02-20 11:30:06,866 - ctrolN1 INFO - Temperaturas TAMB y TUPS OK!...
2017-02-20 11:30:09,867 - ctrolN1 INFO - Temperaturas TAMB y TUPS OK!...
2017-02-20 11:30:12,868 - ctrolN1 INFO - Temperaturas TAMB y TUPS OK!...
2017-02-20 11:30:15,870 - ctrolN1 INFO - Temperaturas TAMB y TUPS OK!...
2017-02-20 11:30:18,872 - ctrolN1 INFO - Temperaturas TAMB y TUPS OK!...
2017-02-20 11:30:21,872 - ctrolN1 INFO - Temperaturas TAMB y TUPS OK!...
2017-02-20 11:30:24,874 - ctrolN1 INFO - Temperaturas TAMB y TUPS OK!...
2017-02-20 11:30:27,875 - ctrolN1 INFO - Temperaturas TAMB y TUPS OK!...
2017-02-20 11:30:30,875 - ctrolN1 INFO - Temperaturas TAMB y TUPS OK!...
2017-02-20 11:30:33,877 - ctrolN1 INFO - Temperaturas TAMB y TUPS OK!...
2017-02-20 11:30:36,878 - ctrolN1 INFO - Temperaturas TAMB y TUPS OK!...
2017-02-20 11:30:39,880 - ctrolN1 INFO - Temperaturas TAMB y TUPS OK!...
2017-02-20 11:30:42,881 - ctrolN1 INFO - Temperaturas TAMB y TUPS OK!...
2017-02-20 11:30:45,882 - ctrolN1 INFO - Temperaturas TAMB y TUPS OK!...
2017-02-20 11:30:48,883 - ctrolN1 INFO - Temperaturas TAMB y TUPS OK!...
2017-02-20 11:30:51,883 - ctrolN1 INFO - Temperaturas TAMB y TUPS OK!...
2017-02-20 11:30:54,884 - ctrolN1 INFO - Temperaturas TAMB y TUPS OK!...
2017-02-20 11:30:57,885 - ctrolN1 INFO - Temperaturas TAMB y TUPS OK!...
2017-02-20 11:31:00,886 - ctrolN1 INFO - Temperaturas TAMB y TUPS OK!...
2017-02-20 11:31:03,887 - ctrolN1 INFO - Temperaturas TAMB y TUPS OK!...
2017-02-20 11:31:06,888 - ctrolN1 INFO - Temperaturas TAMB y TUPS OK!...
2017-02-20 11:31:09,889 - ctrolN1 INFO - Temperaturas TAMB y TUPS OK!...
2017-02-20 11:31:12,891 - ctrolN1 INFO - Temperaturas TAMB y TUPS OK!...
2017-02-20 11:31:15,892 - ctrolN1 INFO - Temperaturas TAMB y TUPS OK!...
2017-02-20 11:31:18,894 - ctrolN1 INFO - Temperaturas TAMB y TUPS OK!...
2017-02-20 11:31:21,895 - ctrolN1 INFO - Temperaturas TAMB y TUPS OK!...
2017-02-20 11:31:24,897 - ctrolN1 INFO - Temperaturas TAMB y TUPS OK!...
2017-02-20 11:31:27,898 - ctrolN1 INFO - Temperaturas TAMB y TUPS OK!...
2017-02-20 11:31:30,899 - ctrolN1 INFO - Temperaturas TAMB y TUPS OK!...
2017-02-20 11:31:33,901 - ctrolN1 INFO - Temperaturas TAMB y TUPS OK!...
2017-02-20 11:31:36,903 - ctrolN1 INFO - Temperaturas TAMB y TUPS OK!...
2017-02-20 11:31:39,904 - ctrolN1 INFO - Temperaturas TAMB y TUPS OK!...
2017-02-20 11:31:42,904 - ctrolN1 INFO - Temperaturas TAMB y TUPS OK!...
2017-02-20 11:31:45,905 - ctrolN1 INFO - Temperaturas TAMB y TUPS OK!...
2017-02-20 11:31:48,907 - ctrolN1 INFO - Temperaturas TAMB y TUPS OK!...
2017-02-20 11:31:51,908 - ctrolN1 INFO - Temperaturas TAMB y TUPS OK!...
2017-02-20 11:31:54,908 - ctrolN1 INFO - Temperaturas TAMB y TUPS OK!...
2017-02-20 11:31:57,910 - ctrolN1 INFO - Temperaturas TAMB y TUPS OK!...
2017-02-20 11:32:00,912 - ctrolN1 INFO - Temperaturas TAMB y TUPS OK!...
2017-02-20 11:32:03,913 - ctrolN1 INFO - Temperaturas TAMB y TUPS OK!...
2017-02-20 11:32:06,914 - ctrolN1 INFO - Temperaturas TAMB y TUPS OK!...
2017-02-20 11:32:09,915 - ctrolN1 INFO - Temperaturas TAMB y TUPS OK!...
2017-02-20 11:32:12,916 - ctrolN1 INFO - Temperaturas TAMB y TUPS OK!...
2017-02-20 11:32:15,918 - ctrolN1 INFO - Temperaturas TAMB y TUPS OK!...
2017-02-20 11:32:18,920 - ctrolN1 INFO - Temperaturas TAMB y TUPS OK!...
2017-02-20 11:32:21,920 - ctrolN1 INFO - Temperaturas TAMB y TUPS OK!...
2017-02-20 11:32:24,921 - ctrolN1 INFO - Temperaturas TAMB y TUPS OK!...
2017-02-20 11:32:27,921 - ctrolN1 INFO - Temperaturas TAMB y TUPS OK!...
2017-02-20 11:32:30,924 - ctrolN1 INFO - Temperaturas TAMB y TUPS OK!...
2017-02-20 11:32:33,925 - ctrolN1 INFO - Temperaturas TAMB y TUPS OK!...
2017-02-20 11:32:36,926 - ctrolN1 INFO - Temperaturas TAMB y TUPS OK!...
2017-02-20 11:32:39,928 - ctrolN1 INFO - Temperaturas TAMB y TUPS OK!...
2017-02-20 11:32:42,930 - ctrolN1 INFO - Temperaturas TAMB y TUPS OK!...
2017-02-20 11:32:45,931 - ctrolN1 INFO - Temperaturas TAMB y TUPS OK!...
2017-02-20 11:32:48,934 - ctrolN1 INFO - Temperaturas TAMB y TUPS OK!...
2017-02-20 11:32:51,935 - ctrolN1 INFO - Temperaturas TAMB y TUPS OK!...
2017-02-20 11:32:54,935 - ctrolN1 INFO - Temperaturas TAMB y TUPS OK!...
2017-02-20 11:32:57,937 - ctrolN1 INFO - Temperaturas TAMB y TUPS OK!...
2017-02-20 11:33:00,938 - ctrolN1 INFO - Temperaturas TAMB y TUPS OK!...
2017-02-20 11:33:03,939 - ctrolN1 INFO - Temperaturas TAMB y TUPS OK!...
2017-02-20 11:33:06,940 - ctrolN1 INFO - Temperaturas TAMB y TUPS OK!...
2017-02-20 11:33:09,941 - ctrolN1 INFO - Temperaturas TAMB y TUPS OK!...
2017-02-20 11:33:12,942 - ctrolN1 INFO - Temperaturas TAMB y TUPS OK!...
2017-02-20 11:33:15,944 - ctrolN1 INFO - Temperaturas TAMB y TUPS OK!...
2017-02-20 11:33:18,945 - ctrolN1 INFO - Temperaturas TAMB y TUPS OK!...
2017-02-20 11:33:21,947 - ctrolN1 INFO - Temperaturas TAMB y TUPS OK!...
2017-02-20 11:33:24,948 - ctrolN1 INFO - Temperaturas TAMB y TUPS OK!...
2017-02-20 11:33:27,949 - ctrolN1 INFO - Temperaturas TAMB y TUPS OK!...
2017-02-20 11:33:30,950 - ctrolN1 INFO - Temperaturas TAMB y TUPS OK!...
2017-02-20 11:33:33,951 - ctrolN1 INFO - Temperaturas TAMB y TUPS OK!...
2017-02-20 11:33:36,953 - ctrolN1 INFO - Temperaturas TAMB y TUPS OK!...
2017-02-20 11:33:39,954 - ctrolN1 INFO - Temperaturas TAMB y TUPS OK!...
2017-02-20 11:33:42,955 - ctrolN1 INFO - Temperaturas TAMB y TUPS OK!...
2017-02-20 11:33:45,957 - ctrolN1 INFO - Temperaturas TAMB y TUPS OK!...
2017-02-20 11:33:48,958 - ctrolN1 INFO - Temperaturas TAMB y TUPS OK!...
2017-02-20 11:33:51,960 - ctrolN1 INFO - Temperaturas TAMB y TUPS OK!...
2017-02-20 11:33:54,962 - ctrolN1 INFO - Temperaturas TAMB y TUPS OK!...
2017-02-20 11:33:57,963 - ctrolN1 INFO - Temperaturas TAMB y TUPS OK!...
2017-02-20 11:34:00,964 - ctrolN1 INFO - Temperaturas TAMB y TUPS OK!...
2017-02-20 11:34:03,964 - ctrolN1 INFO - Temperaturas TAMB y TUPS OK!...
2017-02-20 11:34:06,965 - ctrolN1 INFO - Temperaturas TAMB y TUPS OK!...
2017-02-20 11:34:09,967 - ctrolN1 INFO - Temperaturas TAMB y TUPS OK!...
2017-02-20 11:34:12,968 - ctrolN1 INFO - Temperaturas TAMB y TUPS OK!...
2017-02-20 11:34:15,970 - ctrolN1 INFO - Temperaturas TAMB y TUPS OK!...
2017-02-20 11:34:18,970 - ctrolN1 INFO - Temperaturas TAMB y TUPS OK!...
2017-02-20 11:34:21,971 - ctrolN1 INFO - Temperaturas TAMB y TUPS OK!...
2017-02-20 11:34:24,972 - ctrolN1 INFO - Temperaturas TAMB y TUPS OK!...
2017-02-20 11:34:27,973 - ctrolN1 INFO - Temperaturas TAMB y TUPS OK!...
2017-02-20 11:34:30,975 - ctrolN1 INFO - Temperaturas TAMB y TUPS OK!...
2017-02-20 11:34:33,976 - ctrolN1 INFO - Temperaturas TAMB y TUPS OK!...
2017-02-20 11:34:36,977 - ctrolN1 INFO - Temperaturas TAMB y TUPS OK!...
2017-02-20 11:34:39,979 - ctrolN1 INFO - Temperaturas TAMB y TUPS OK!...
2017-02-20 11:34:42,981 - ctrolN1 INFO - Temperaturas TAMB y TUPS OK!...
2017-02-20 11:34:45,983 - ctrolN1 INFO - Temperaturas TAMB y TUPS OK!...
2017-02-20 11:34:48,984 - ctrolN1 INFO - Temperaturas TAMB y TUPS OK!...
2017-02-20 11:34:51,985 - ctrolN1 INFO - Temperaturas TAMB y TUPS OK!...
2017-02-20 11:34:54,987 - ctrolN1 INFO - Temperaturas TAMB y TUPS OK!...
2017-02-20 11:34:57,988 - ctrolN1 INFO - Temperaturas TAMB y TUPS OK!...
2017-02-20 11:35:00,989 - ctrolN1 INFO - Temperaturas TAMB y TUPS OK!...
2017-02-20 11:35:03,991 - ctrolN1 INFO - Temperaturas TAMB y TUPS OK!...
2017-02-20 11:35:06,992 - ctrolN1 INFO - Temperaturas TAMB y TUPS OK!...
2017-02-20 11:35:09,993 - ctrolN1 INFO - Temperaturas TAMB y TUPS OK!...
2017-02-20 11:35:12,995 - ctrolN1 INFO - Temperaturas TAMB y TUPS OK!...
2017-02-20 11:35:15,996 - ctrolN1 INFO - Temperaturas TAMB y TUPS OK!...
2017-02-20 11:35:18,997 - ctrolN1 INFO - Temperaturas TAMB y TUPS OK!...
2017-02-20 11:35:21,999 - ctrolN1 INFO - Temperaturas TAMB y TUPS OK!...
2017-02-20 11:35:25,001 - ctrolN1 INFO - Temperaturas TAMB y TUPS OK!...
2017-02-20 11:35:28,002 - ctrolN1 INFO - Temperaturas TAMB y TUPS OK!...
2017-02-20 11:35:31,004 - ctrolN1 INFO - Temperaturas TAMB y TUPS OK!...
2017-02-20 11:35:34,006 - ctrolN1 INFO - Temperaturas TAMB y TUPS OK!...
2017-02-20 11:35:37,006 - ctrolN1 INFO - Temperaturas TAMB y TUPS OK!...
2017-02-20 11:35:40,008 - ctrolN1 INFO - Temperaturas TAMB y TUPS OK!...
2017-02-20 11:35:43,010 - ctrolN1 INFO - Temperaturas TAMB y TUPS OK!...
2017-02-20 11:35:46,011 - ctrolN1 INFO - Temperaturas TAMB y TUPS OK!...
2017-02-20 11:35:49,012 - ctrolN1 INFO - Temperaturas TAMB y TUPS OK!...
2017-02-20 11:35:52,013 - ctrolN1 INFO - Temperaturas TAMB y TUPS OK!...
2017-02-20 11:35:55,014 - ctrolN1 INFO - Temperaturas TAMB y TUPS OK!...
2017-02-20 11:35:58,015 - ctrolN1 INFO - Temperaturas TAMB y TUPS OK!...
2017-02-20 11:36:01,016 - ctrolN1 INFO - Temperaturas TAMB y TUPS OK!...
2017-02-20 11:36:04,018 - ctrolN1 INFO - Temperaturas TAMB y TUPS OK!...
2017-02-20 11:36:07,019 - ctrolN1 INFO - Temperaturas TAMB y TUPS OK!...
2017-02-20 11:36:10,020 - ctrolN1 INFO - Temperaturas TAMB y TUPS OK!...
2017-02-20 11:36:13,021 - ctrolN1 INFO - Temperaturas TAMB y TUPS OK!...
2017-02-20 11:36:16,022 - ctrolN1 INFO - Temperaturas TAMB y TUPS OK!...
2017-02-20 11:36:19,024 - ctrolN1 INFO - Temperaturas TAMB y TUPS OK!...
2017-02-20 11:36:22,025 - ctrolN1 INFO - Temperaturas TAMB y TUPS OK!...
2017-02-20 11:36:25,027 - ctrolN1 INFO - Temperaturas TAMB y TUPS OK!...
2017-02-20 11:36:28,027 - ctrolN1 INFO - Temperaturas TAMB y TUPS OK!...
2017-02-20 11:36:31,029 - ctrolN1 INFO - Temperaturas TAMB y TUPS OK!...
2017-02-20 11:36:34,030 - ctrolN1 INFO - Temperaturas TAMB y TUPS OK!...
2017-02-20 11:36:37,032 - ctrolN1 INFO - Temperaturas TAMB y TUPS OK!...
2017-02-20 11:36:40,034 - ctrolN1 INFO - Temperaturas TAMB y TUPS OK!...
2017-02-20 11:36:43,035 - ctrolN1 INFO - Temperaturas TAMB y TUPS OK!...
2017-02-20 11:36:46,036 - ctrolN1 INFO - Temperaturas TAMB y TUPS OK!...
2017-02-20 11:36:49,037 - ctrolN1 INFO - Temperaturas TAMB y TUPS OK!...
2017-02-20 11:36:52,038 - ctrolN1 INFO - Temperaturas TAMB y TUPS OK!...
2017-02-20 11:36:55,039 - ctrolN1 INFO - Temperaturas TAMB y TUPS OK!...
2017-02-20 11:36:58,041 - ctrolN1 INFO - Temperaturas TAMB y TUPS OK!...
2017-02-20 11:37:01,042 - ctrolN1 INFO - Temperaturas TAMB y TUPS OK!...
2017-02-20 11:37:04,044 - ctrolN1 INFO - Temperaturas TAMB y TUPS OK!...
2017-02-20 11:37:07,046 - ctrolN1 INFO - Temperaturas TAMB y TUPS OK!...
2017-02-20 11:37:10,047 - ctrolN1 INFO - Temperaturas TAMB y TUPS OK!...
2017-02-20 11:37:13,049 - ctrolN1 INFO - Temperaturas TAMB y TUPS OK!...
2017-02-20 11:37:16,050 - ctrolN1 INFO - Temperaturas TAMB y TUPS OK!...
2017-02-20 11:37:19,051 - ctrolN1 INFO - Temperaturas TAMB y TUPS OK!...
2017-02-20 11:37:22,052 - ctrolN1 INFO - Temperaturas TAMB y TUPS OK!...
2017-02-20 11:37:25,053 - ctrolN1 INFO - Temperaturas TAMB y TUPS OK!...
2017-02-20 11:37:28,055 - ctrolN1 INFO - Temperaturas TAMB y TUPS OK!...
2017-02-20 11:37:31,057 - ctrolN1 INFO - Temperaturas TAMB y TUPS OK!...
2017-02-20 11:37:34,058 - ctrolN1 INFO - Temperaturas TAMB y TUPS OK!...
2017-02-20 11:37:37,059 - ctrolN1 INFO - Temperaturas TAMB y TUPS OK!...
2017-02-20 11:37:40,059 - ctrolN1 INFO - Temperaturas TAMB y TUPS OK!...
2017-02-20 11:37:43,059 - ctrolN1 INFO - Temperaturas TAMB y TUPS OK!...
2017-02-20 11:37:46,061 - ctrolN1 INFO - Temperaturas TAMB y TUPS OK!...
2017-02-20 11:37:49,062 - ctrolN1 INFO - Temperaturas TAMB y TUPS OK!...
2017-02-20 11:37:52,061 - ctrolN1 INFO - Temperaturas TAMB y TUPS OK!...
2017-02-20 11:37:55,063 - ctrolN1 INFO - Temperaturas TAMB y TUPS OK!...
2017-02-20 11:37:58,064 - ctrolN1 INFO - Temperaturas TAMB y TUPS OK!...
2017-02-20 11:38:01,065 - ctrolN1 INFO - Temperaturas TAMB y TUPS OK!...
2017-02-20 11:38:04,067 - ctrolN1 INFO - Temperaturas TAMB y TUPS OK!...
2017-02-20 11:38:07,068 - ctrolN1 INFO - Temperaturas TAMB y TUPS OK!...
2017-02-20 11:38:10,069 - ctrolN1 INFO - Temperaturas TAMB y TUPS OK!...
2017-02-20 11:38:13,069 - ctrolN1 INFO - Temperaturas TAMB y TUPS OK!...
2017-02-20 11:38:16,071 - ctrolN1 INFO - Temperaturas TAMB y TUPS OK!...
2017-02-20 11:38:19,072 - ctrolN1 INFO - Temperaturas TAMB y TUPS OK!...
2017-02-20 11:38:22,073 - ctrolN1 INFO - Temperaturas TAMB y TUPS OK!...
2017-02-20 11:38:25,076 - ctrolN1 INFO - Temperaturas TAMB y TUPS OK!...
2017-02-20 11:38:28,076 - ctrolN1 INFO - Temperaturas TAMB y TUPS OK!...
2017-02-20 11:38:31,077 - ctrolN1 INFO - Temperaturas TAMB y TUPS OK!...
2017-02-20 11:38:34,079 - ctrolN1 INFO - Temperaturas TAMB y TUPS OK!...
2017-02-20 11:38:37,081 - ctrolN1 INFO - Temperaturas TAMB y TUPS OK!...
2017-02-20 11:38:40,084 - ctrolN1 INFO - Temperaturas TAMB y TUPS OK!...
2017-02-20 11:38:43,084 - ctrolN1 INFO - Temperaturas TAMB y TUPS OK!...
2017-02-20 11:38:46,085 - ctrolN1 INFO - Temperaturas TAMB y TUPS OK!...
2017-02-20 11:38:49,086 - ctrolN1 INFO - Temperaturas TAMB y TUPS OK!...
2017-02-20 11:38:52,086 - ctrolN1 INFO - Temperaturas TAMB y TUPS OK!...
2017-02-20 11:38:55,087 - ctrolN1 INFO - Temperaturas TAMB y TUPS OK!...
2017-02-20 11:38:58,089 - ctrolN1 INFO - Temperaturas TAMB y TUPS OK!...
2017-02-20 11:39:01,090 - ctrolN1 INFO - Temperaturas TAMB y TUPS OK!...
2017-02-20 11:39:04,092 - ctrolN1 INFO - Temperaturas TAMB y TUPS OK!...
2017-02-20 11:39:07,094 - ctrolN1 INFO - Temperaturas TAMB y TUPS OK!...
2017-02-20 11:39:10,096 - ctrolN1 INFO - Temperaturas TAMB y TUPS OK!...
2017-02-20 11:39:13,098 - ctrolN1 INFO - Temperaturas TAMB y TUPS OK!...
2017-02-20 11:39:16,099 - ctrolN1 INFO - Temperaturas TAMB y TUPS OK!...
2017-02-20 11:39:19,101 - ctrolN1 INFO - Temperaturas TAMB y TUPS OK!...
2017-02-20 11:39:22,102 - ctrolN1 INFO - Temperaturas TAMB y TUPS OK!...
2017-02-20 11:39:25,104 - ctrolN1 INFO - Temperaturas TAMB y TUPS OK!...
2017-02-20 11:39:28,105 - ctrolN1 INFO - Temperaturas TAMB y TUPS OK!...
2017-02-20 11:39:31,106 - ctrolN1 INFO - Temperaturas TAMB y TUPS OK!...
2017-02-20 11:39:34,108 - ctrolN1 INFO - Temperaturas TAMB y TUPS OK!...
2017-02-20 11:39:37,108 - ctrolN1 INFO - Temperaturas TAMB y TUPS OK!...
2017-02-20 11:39:40,109 - ctrolN1 INFO - Temperaturas TAMB y TUPS OK!...
2017-02-20 11:39:43,109 - ctrolN1 INFO - Temperaturas TAMB y TUPS OK!...
2017-02-20 11:39:46,110 - ctrolN1 INFO - Temperaturas TAMB y TUPS OK!...
2017-02-20 11:39:49,112 - ctrolN1 INFO - Temperaturas TAMB y TUPS OK!...
2017-02-20 11:39:52,113 - ctrolN1 INFO - Temperaturas TAMB y TUPS OK!...
2017-02-20 11:39:55,114 - ctrolN1 INFO - Temperaturas TAMB y TUPS OK!...
2017-02-20 11:39:58,116 - ctrolN1 INFO - Temperaturas TAMB y TUPS OK!...
2017-02-20 11:40:01,118 - ctrolN1 INFO - Temperaturas TAMB y TUPS OK!...
2017-02-20 11:40:01,119 - ctrolN1 CRITICAL - Apagado de la controladora 1
2017-02-20 11:40:35,921 - ctrolN1 CRITICAL - Inicio de controladora 1
2017-02-20 11:40:35,922 - ctrolN1 INFO - Inicio de servicio SNMP en controladora 1
2017-02-20 11:40:38,930 - ctrolN1 CRITICAL - La logica de ctrolN1 ha cambiado (alteracion MD5)
2017-02-20 11:53:17,479 - ctrolN1 CRITICAL - Apagado de la controladora 1
2017-02-20 11:53:20,264 - ctrolN1 CRITICAL - Inicio de controladora 1
2017-02-20 11:53:20,264 - ctrolN1 INFO - Inicio de servicio SNMP en controladora 1
2017-02-20 11:53:23,270 - ctrolN1 CRITICAL - La logica de ctrolN1 ha cambiado (alteracion MD5)
2017-02-20 12:09:31,904 - ctrolN1 CRITICAL - Apagado de la controladora 1
2017-02-20 12:10:27,643 - ctrolN1 CRITICAL - Inicio de controladora 1
2017-02-20 12:10:27,643 - ctrolN1 INFO - Inicio de servicio SNMP en controladora 1
2017-02-20 12:10:30,650 - ctrolN1 CRITICAL - La logica de ctrolN1 ha cambiado (alteracion MD5)
2017-02-20 12:33:00,258 - ctrolN1 CRITICAL - Inicio de controladora 1
2017-02-20 12:33:00,261 - ctrolN1 INFO - Inicio de servicio SNMP en controladora 1
2017-02-20 12:33:03,273 - ctrolN1 CRITICAL - La logica de ctrolN1 ha cambiado (alteracion MD5)
2017-02-20 14:32:17,362 - ctrolN1 CRITICAL - Apagado de la controladora 1
